2024-10-13 21:06:03.406 | INFO     | model_service:load_model_and_scaler:22 - Checking the existence of model config file at models/lstm_v3.keras
2024-10-13 21:06:03.406 | INFO     | model_service:load_model_and_scaler:27 - Model exists. Loading model and scaler
2024-10-13 21:06:03.611 | INFO     | model_service:predict:40 - Forecasting
2024-10-13 21:06:05.608 | INFO     | __main__:main:11 - Expiry price: [26247.076]
2024-10-14 14:26:58.222 | INFO     | model.model_service:load_model_and_scaler:22 - Checking the existence of model config file at models/lstm_v3.keras
2024-10-14 14:26:58.222 | WARNING  | model.model_service:load_model_and_scaler:25 - Model doesnt exist. Building new model
2024-10-14 14:26:58.222 | INFO     | model.pipeline.model:build_model:19 - Starting model building pipeline
2024-10-14 14:26:58.222 | INFO     | model.pipeline.preparation:prepare_data:14 - Starting the preprocessing pipeline
2024-10-14 14:26:58.222 | INFO     | model.pipeline.collection:load_data:14 - Downloading daily stock price data for ^NSEI
2024-10-14 14:26:58.862 | INFO     | model.pipeline.preparation:scale_data:26 - Scaling adjusted close data using MinMaxScaler
2024-10-14 14:26:58.862 | INFO     | model.pipeline.model:get_xy:39 - defining x and y variables where x is 60 days adjusted close before y
2024-10-14 14:26:58.862 | INFO     | model.pipeline.model:split:50 - splitting train & test/validation data
2024-10-14 14:26:58.867 | INFO     | model.pipeline.model:get_hyperparameters:79 - Generating best hyperparameters
2024-10-14 14:26:58.867 | INFO     | model.pipeline.model:split:50 - splitting train & test/validation data
2024-10-14 14:26:58.874 | INFO     | model.pipeline.model:design_model:55 - Designing model architecture
2024-10-14 14:26:59.582 | INFO     | model.pipeline.model:design_model:55 - Designing model architecture
2024-10-14 14:34:01.361 | INFO     | model.model_service:load_model_and_scaler:22 - Checking the existence of model config file at models/lstm_v3.keras
2024-10-14 14:34:01.361 | INFO     | model.model_service:load_model_and_scaler:27 - Model exists. Loading model and scaler
2024-10-14 14:34:01.470 | INFO     | model.model_service:predict:40 - Forecasting
2024-10-14 14:34:02.555 | INFO     | __main__:main:11 - Expiry price: [26247.076]
2024-10-14 14:41:17.795 | INFO     | model.model_service:load_model_and_scaler:21 - Checking the existence of model config file at model\models/nifty50_lstm_v3.keras
2024-10-14 14:41:17.795 | WARNING  | model.model_service:load_model_and_scaler:25 - Model doesnt exist. Building new model
2024-10-14 14:41:17.795 | INFO     | model.pipeline.model:build_model:19 - Starting model building pipeline
2024-10-14 14:41:17.795 | INFO     | model.pipeline.preparation:prepare_data:14 - Starting the preprocessing pipeline
2024-10-14 14:41:17.795 | INFO     | model.pipeline.collection:load_data:14 - Downloading daily stock price data for ^NSEI
2024-10-14 14:41:18.441 | INFO     | model.pipeline.preparation:scale_data:26 - Scaling adjusted close data using MinMaxScaler
2024-10-14 14:41:18.441 | INFO     | model.pipeline.model:get_xy:39 - defining x and y variables where x is 60 days adjusted close before y
2024-10-14 14:41:18.441 | INFO     | model.pipeline.model:split:50 - splitting train & test/validation data
2024-10-14 14:41:18.441 | INFO     | model.pipeline.model:get_hyperparameters:79 - Generating best hyperparameters
2024-10-14 14:41:18.441 | INFO     | model.pipeline.model:split:50 - splitting train & test/validation data
2024-10-14 14:41:18.448 | INFO     | model.pipeline.model:design_model:55 - Designing model architecture
2024-10-14 14:41:19.086 | INFO     | model.pipeline.model:design_model:55 - Designing model architecture
2024-10-14 14:43:24.151 | INFO     | model.model_service:load_model_and_scaler:21 - Checking the existence of model config file at model\models/nifty50_lstm_v3.keras
2024-10-14 14:43:24.151 | WARNING  | model.model_service:load_model_and_scaler:25 - Model doesnt exist. Building new model
2024-10-14 14:43:24.151 | INFO     | model.pipeline.model:build_model:19 - Starting model building pipeline
2024-10-14 14:43:24.151 | INFO     | model.pipeline.preparation:prepare_data:14 - Starting the preprocessing pipeline
2024-10-14 14:43:24.151 | INFO     | model.pipeline.collection:load_data:14 - Downloading daily stock price data for ^NSEI
2024-10-14 14:43:24.961 | INFO     | model.pipeline.preparation:scale_data:26 - Scaling adjusted close data using MinMaxScaler
2024-10-14 14:43:24.961 | INFO     | model.pipeline.model:get_xy:39 - defining x and y variables where x is 60 days adjusted close before y
2024-10-14 14:43:24.961 | INFO     | model.pipeline.model:split:50 - splitting train & test/validation data
2024-10-14 14:43:24.961 | INFO     | model.pipeline.model:get_hyperparameters:79 - Generating best hyperparameters
2024-10-14 14:43:24.961 | INFO     | model.pipeline.model:split:50 - splitting train & test/validation data
2024-10-14 14:43:24.989 | INFO     | model.pipeline.model:design_model:55 - Designing model architecture
2024-10-14 14:43:25.059 | INFO     | model.pipeline.model:train_model:106 - Training model
2024-10-14 14:43:25.059 | INFO     | model.pipeline.model:split:50 - splitting train & test/validation data
2024-10-14 14:47:13.429 | INFO     | model.pipeline.model:evaluate_model:146 - Testing model
2024-10-14 14:47:14.089 | INFO     | model.pipeline.model:evaluate_model:153 - Evaluation result (MAE): 209.6143619791667
2024-10-14 14:47:14.294 | WARNING  | model.pipeline.model:build_model:35 - Unsatisfactory model. Initiate pipeline with new hyperparameters
2024-10-14 14:47:14.294 | INFO     | model.pipeline.model:build_model:19 - Starting model building pipeline
2024-10-14 14:47:14.294 | INFO     | model.pipeline.preparation:prepare_data:14 - Starting the preprocessing pipeline
2024-10-14 14:47:14.294 | INFO     | model.pipeline.collection:load_data:14 - Downloading daily stock price data for ^NSEI
2024-10-14 14:47:14.706 | INFO     | model.pipeline.preparation:scale_data:26 - Scaling adjusted close data using MinMaxScaler
2024-10-14 14:47:14.706 | INFO     | model.pipeline.model:get_xy:39 - defining x and y variables where x is 60 days adjusted close before y
2024-10-14 14:47:14.706 | INFO     | model.pipeline.model:split:50 - splitting train & test/validation data
2024-10-14 14:47:14.706 | INFO     | model.pipeline.model:get_hyperparameters:79 - Generating best hyperparameters
2024-10-14 14:47:14.706 | INFO     | model.pipeline.model:split:50 - splitting train & test/validation data
2024-10-14 14:47:14.719 | INFO     | model.pipeline.model:design_model:55 - Designing model architecture
2024-10-14 14:47:15.368 | INFO     | model.pipeline.model:design_model:55 - Designing model architecture
2024-10-14 14:58:59.218 | INFO     | model.pipeline.model:design_model:55 - Designing model architecture
2024-10-14 15:02:15.561 | INFO     | model.pipeline.model:design_model:55 - Designing model architecture
2024-10-14 15:03:55.254 | INFO     | model.pipeline.model:design_model:55 - Designing model architecture
2024-10-14 15:05:35.105 | INFO     | model.pipeline.model:design_model:55 - Designing model architecture
2024-10-14 15:11:30.146 | INFO     | model.pipeline.model:design_model:55 - Designing model architecture
2024-10-14 15:14:20.253 | INFO     | model.pipeline.model:design_model:55 - Designing model architecture
2024-10-14 15:17:29.277 | INFO     | model.pipeline.model:design_model:55 - Designing model architecture
2024-10-14 15:20:49.361 | INFO     | model.pipeline.model:design_model:55 - Designing model architecture
2024-10-14 15:23:02.216 | INFO     | model.pipeline.model:design_model:55 - Designing model architecture
2024-10-14 15:25:09.167 | INFO     | model.pipeline.model:design_model:55 - Designing model architecture
2024-10-14 15:25:09.214 | INFO     | model.pipeline.model:train_model:106 - Training model
2024-10-14 15:25:09.214 | INFO     | model.pipeline.model:split:50 - splitting train & test/validation data
2024-10-14 15:29:26.312 | INFO     | model.pipeline.model:evaluate_model:146 - Testing model
2024-10-14 15:29:27.014 | INFO     | model.pipeline.model:evaluate_model:153 - Evaluation result (MAE): 160.48661339962118
2024-10-14 15:29:27.194 | WARNING  | model.pipeline.model:build_model:35 - Unsatisfactory model. Initiate pipeline with new hyperparameters
2024-10-14 15:29:27.194 | INFO     | model.pipeline.model:build_model:19 - Starting model building pipeline
2024-10-14 15:29:27.194 | INFO     | model.pipeline.preparation:prepare_data:14 - Starting the preprocessing pipeline
2024-10-14 15:29:27.194 | INFO     | model.pipeline.collection:load_data:14 - Downloading daily stock price data for ^NSEI
2024-10-14 15:29:27.409 | INFO     | model.pipeline.preparation:scale_data:26 - Scaling adjusted close data using MinMaxScaler
2024-10-14 15:29:27.410 | INFO     | model.pipeline.model:get_xy:39 - defining x and y variables where x is 60 days adjusted close before y
2024-10-14 15:29:27.410 | INFO     | model.pipeline.model:split:50 - splitting train & test/validation data
2024-10-14 15:29:27.410 | INFO     | model.pipeline.model:get_hyperparameters:79 - Generating best hyperparameters
2024-10-14 15:29:27.410 | INFO     | model.pipeline.model:split:50 - splitting train & test/validation data
2024-10-14 15:29:27.420 | INFO     | model.pipeline.model:design_model:55 - Designing model architecture
2024-10-14 15:29:27.830 | INFO     | model.pipeline.model:design_model:55 - Designing model architecture
2024-10-14 15:31:27.248 | INFO     | model.pipeline.model:design_model:55 - Designing model architecture
2024-10-14 15:33:27.623 | INFO     | model.pipeline.model:design_model:55 - Designing model architecture
2024-10-14 15:35:17.329 | INFO     | model.pipeline.model:design_model:55 - Designing model architecture
2024-10-14 15:37:11.503 | INFO     | model.pipeline.model:design_model:55 - Designing model architecture
2024-10-14 15:40:09.427 | INFO     | model.pipeline.model:design_model:55 - Designing model architecture
2024-10-14 15:43:07.707 | INFO     | model.pipeline.model:design_model:55 - Designing model architecture
2024-10-14 15:45:05.028 | INFO     | model.pipeline.model:design_model:55 - Designing model architecture
2024-10-14 15:47:01.133 | INFO     | model.pipeline.model:design_model:55 - Designing model architecture
2024-10-14 15:48:44.435 | INFO     | model.pipeline.model:design_model:55 - Designing model architecture
2024-10-14 15:50:23.895 | INFO     | model.pipeline.model:design_model:55 - Designing model architecture
2024-10-14 15:50:23.933 | INFO     | model.pipeline.model:train_model:106 - Training model
2024-10-14 15:50:23.933 | INFO     | model.pipeline.model:split:50 - splitting train & test/validation data
2024-10-14 15:52:25.310 | INFO     | model.pipeline.model:evaluate_model:146 - Testing model
2024-10-14 15:52:25.874 | INFO     | model.pipeline.model:evaluate_model:153 - Evaluation result (MAE): 187.6953681344697
2024-10-14 15:52:26.054 | WARNING  | model.pipeline.model:build_model:35 - Unsatisfactory model. Initiate pipeline with new hyperparameters
2024-10-14 15:52:26.054 | INFO     | model.pipeline.model:build_model:19 - Starting model building pipeline
2024-10-14 15:52:26.054 | INFO     | model.pipeline.preparation:prepare_data:14 - Starting the preprocessing pipeline
2024-10-14 15:52:26.054 | INFO     | model.pipeline.collection:load_data:14 - Downloading daily stock price data for ^NSEI
2024-10-14 15:52:26.456 | INFO     | model.pipeline.preparation:scale_data:26 - Scaling adjusted close data using MinMaxScaler
2024-10-14 15:52:26.456 | INFO     | model.pipeline.model:get_xy:39 - defining x and y variables where x is 60 days adjusted close before y
2024-10-14 15:52:26.456 | INFO     | model.pipeline.model:split:50 - splitting train & test/validation data
2024-10-14 15:52:26.456 | INFO     | model.pipeline.model:get_hyperparameters:79 - Generating best hyperparameters
2024-10-14 15:52:26.456 | INFO     | model.pipeline.model:split:50 - splitting train & test/validation data
2024-10-14 15:52:26.456 | INFO     | model.pipeline.model:design_model:55 - Designing model architecture
2024-10-14 15:52:27.090 | INFO     | model.pipeline.model:design_model:55 - Designing model architecture
2024-10-14 15:55:49.188 | INFO     | model.pipeline.model:design_model:55 - Designing model architecture
2024-10-14 16:00:35.463 | INFO     | model.pipeline.model:design_model:55 - Designing model architecture
2024-10-14 16:07:04.163 | INFO     | model.pipeline.model:design_model:55 - Designing model architecture
2024-10-14 16:09:25.367 | INFO     | model.pipeline.model:design_model:55 - Designing model architecture
2024-10-14 16:10:50.843 | INFO     | model.pipeline.model:design_model:55 - Designing model architecture
2024-10-14 16:12:25.314 | INFO     | model.pipeline.model:design_model:55 - Designing model architecture
2024-10-14 16:13:56.959 | INFO     | model.pipeline.model:design_model:55 - Designing model architecture
2024-10-14 16:15:27.295 | INFO     | model.pipeline.model:design_model:55 - Designing model architecture
2024-10-14 16:17:18.554 | INFO     | model.pipeline.model:design_model:55 - Designing model architecture
2024-10-14 16:19:09.300 | INFO     | model.pipeline.model:design_model:55 - Designing model architecture
2024-10-14 16:19:09.377 | INFO     | model.pipeline.model:train_model:106 - Training model
2024-10-14 16:19:09.377 | INFO     | model.pipeline.model:split:50 - splitting train & test/validation data
2024-10-14 16:25:41.412 | INFO     | model.pipeline.model:evaluate_model:146 - Testing model
2024-10-14 16:25:42.620 | INFO     | model.pipeline.model:evaluate_model:153 - Evaluation result (MAE): 412.82474905303025
2024-10-14 16:25:42.808 | WARNING  | model.pipeline.model:build_model:35 - Unsatisfactory model. Initiate pipeline with new hyperparameters
2024-10-14 16:25:42.808 | INFO     | model.pipeline.model:build_model:19 - Starting model building pipeline
2024-10-14 16:25:42.810 | INFO     | model.pipeline.preparation:prepare_data:14 - Starting the preprocessing pipeline
2024-10-14 16:25:42.810 | INFO     | model.pipeline.collection:load_data:14 - Downloading daily stock price data for ^NSEI
2024-10-14 16:25:43.055 | INFO     | model.pipeline.preparation:scale_data:26 - Scaling adjusted close data using MinMaxScaler
2024-10-14 16:25:43.057 | INFO     | model.pipeline.model:get_xy:39 - defining x and y variables where x is 60 days adjusted close before y
2024-10-14 16:25:43.060 | INFO     | model.pipeline.model:split:50 - splitting train & test/validation data
2024-10-14 16:25:43.060 | INFO     | model.pipeline.model:get_hyperparameters:79 - Generating best hyperparameters
2024-10-14 16:25:43.062 | INFO     | model.pipeline.model:split:50 - splitting train & test/validation data
2024-10-14 16:25:43.068 | INFO     | model.pipeline.model:design_model:55 - Designing model architecture
2024-10-14 16:25:44.116 | INFO     | model.pipeline.model:design_model:55 - Designing model architecture
2024-10-14 16:27:25.484 | INFO     | model.pipeline.model:design_model:55 - Designing model architecture
2024-10-14 16:29:05.449 | INFO     | model.pipeline.model:design_model:55 - Designing model architecture
2024-10-14 16:31:55.673 | INFO     | model.pipeline.model:design_model:55 - Designing model architecture
2024-10-14 16:34:19.871 | INFO     | model.pipeline.model:design_model:55 - Designing model architecture
2024-10-14 16:37:46.709 | INFO     | model.pipeline.model:design_model:55 - Designing model architecture
2024-10-14 16:41:26.020 | INFO     | model.pipeline.model:design_model:55 - Designing model architecture
2024-10-14 16:43:53.605 | INFO     | model.pipeline.model:design_model:55 - Designing model architecture
2024-10-14 16:46:03.128 | INFO     | model.pipeline.model:design_model:55 - Designing model architecture
2024-10-14 16:47:27.037 | INFO     | model.pipeline.model:design_model:55 - Designing model architecture
2024-10-14 16:49:33.429 | INFO     | model.pipeline.model:design_model:55 - Designing model architecture
2024-10-14 16:49:33.477 | INFO     | model.pipeline.model:train_model:106 - Training model
2024-10-14 16:49:33.477 | INFO     | model.pipeline.model:split:50 - splitting train & test/validation data
2024-10-14 16:53:12.322 | INFO     | model.pipeline.model:evaluate_model:146 - Testing model
2024-10-14 16:53:12.963 | INFO     | model.pipeline.model:evaluate_model:153 - Evaluation result (MAE): 147.06769531249998
2024-10-14 16:53:13.162 | INFO     | model.pipeline.model:save_model:157 - Saving model to model\models/nifty50_lstm_v3.keras
2024-10-14 16:53:13.197 | INFO     | model.pipeline.model:build_model:32 - Saving scaler to model\models/nifty50_lstm_v3_scaler.joblib
2024-10-14 16:53:13.203 | INFO     | model.model_service:load_model_and_scaler:27 - Model exists. Loading model and scaler
2024-10-14 16:53:13.291 | INFO     | model.model_service:predict:31 - Forecasting
2024-10-14 16:53:14.259 | INFO     | __main__:main:11 - Expiry price: [23639.441]
2024-10-19 13:26:56.355 | INFO     | model.model_service:load_model_and_scaler:50 - Checking the existence of model config file at model\models/nifty50_lstm_v3.keras
2024-10-19 13:26:56.355 | INFO     | model.model_service:load_model_and_scaler:56 - Model exists. Loading model and scaler
2024-10-19 13:26:56.628 | INFO     | model.model_service:predict:64 - Forecasting
2024-10-19 13:26:57.931 | INFO     | __main__:main:25 - Expiry price: [23866.912]
2024-10-19 14:31:27.203 | INFO     | model.model_service:load_model_and_scaler:50 - Checking the existence of model config file at model\models/nifty50_lstm_v3.keras
2024-10-19 14:31:27.219 | INFO     | model.model_service:load_model_and_scaler:56 - Model exists. Loading model and scaler
2024-10-19 14:31:27.508 | INFO     | model.model_service:predict:64 - Forecasting
2024-10-19 14:31:29.032 | INFO     | __main__:main:25 - Expiry price: [23866.912]
2024-10-19 14:51:30.230 | INFO     | model.model_service:load_model_and_scaler:50 - Checking the existence of model config file at model\models/nifty50_lstm_v3.keras
2024-10-19 14:51:30.230 | INFO     | model.model_service:load_model_and_scaler:56 - Model exists. Loading model and scaler
2024-10-19 14:51:30.584 | INFO     | model.model_service:predict:64 - Forecasting
2024-10-19 14:51:32.013 | INFO     | __main__:main:25 - Expiry price: [23866.912]
